#
# A fatal error has been detected by the Java Runtime Environment:
#
#  EXCEPTION_ACCESS_VIOLATION (0xc0000005) at pc=0x00000000692e9535, pid=1500, tid=7284
#
# JRE version: Java(TM) SE Runtime Environment (8.0_20-b26) (build 1.8.0_20-b26)
# Java VM: Java HotSpot(TM) 64-Bit Server VM (25.20-b23 mixed mode windows-amd64 compressed oops)
# Problematic frame:
# V  [jvm.dll+0x119535]
#
# Failed to write core dump. Minidumps are not enabled by default on client versions of Windows
#
# If you would like to submit a bug report, please visit:
#   http://bugreport.sun.com/bugreport/crash.jsp
#

---------------  T H R E A D  ---------------

Current thread (0x00000000074f3800):  JavaThread "JDWP Transport Listener: dt_socket" daemon [_thread_in_vm, id=7284, stack(0x0000000008d30000,0x0000000008e30000)]

siginfo: ExceptionCode=0xc0000005, reading address 0x00003b656c62617a

Registers:
RAX=0x0000000008e2f001, RBX=0x00000000074f3800, RCX=0x00003b656c62617a, RDX=0x0000000000000000
RSP=0x0000000008e2efb0, RBP=0x00003b656c62617a, RSI=0x0000000008e2f0c8, RDI=0x00000000002a82d0
R8 =0x00000000074f3800, R9 =0x0000000000008000, R10=0x0000000000000000, R11=0x0000000008e2f25f
R12=0x0000000000000000, R13=0x00000000074fd0c8, R14=0x0000000000000000, R15=0x0000000000000000
RIP=0x00000000692e9535, EFLAGS=0x0000000000010202

Top of Stack: (sp=0x0000000008e2efb0)
0x0000000008e2efb0:   00000000074f3800 00000000074f3800
0x0000000008e2efc0:   0000000008e2f078 00000000694e655b
0x0000000008e2efd0:   00000000074f3800 0000000069502dbd
0x0000000008e2efe0:   0000000000000000 0000000067e09149
0x0000000008e2eff0:   0000000007518388 0000000067e12912
0x0000000008e2f000:   00000000074f3800 0000000000000000
0x0000000008e2f010:   0000000000000000 0000000000000000
0x0000000008e2f020:   00003b656c62617a 0000000067e11a09
0x0000000008e2f030:   0000000008e2f0c8 0000000008e2f0a0
0x0000000008e2f040:   0000000000000001 0000000007518388
0x0000000008e2f050:   00003b656c62617a 0000000067df53b3
0x0000000008e2f060:   0000000008e2f190 0000000000000001
0x0000000008e2f070:   0000000000000001 0000000007518388
0x0000000008e2f080:   0000000000000009 0000000000000000
0x0000000008e2f090:   0000000000000000 0000000000000000
0x0000000008e2f0a0:   0000000000000001 0000000067df5571 

Instructions: (pc=0x00000000692e9535)
0x00000000692e9515:   cc cc cc cc cc cc cc cc cc cc cc 48 83 ec 28 48
0x00000000692e9525:   85 c9 75 07 33 c0 48 83 c4 28 c3 48 89 5c 24 20
0x00000000692e9535:   48 8b 19 48 85 db 74 20 48 83 fb 37 74 1a 48 8b
0x00000000692e9545:   13 48 8b cb ff 52 10 84 c0 74 0d 48 8b c3 48 8b 


Register to memory mapping:

RAX=0x0000000008e2f001 is pointing into the stack for thread: 0x00000000074f3800
RBX=0x00000000074f3800 is a thread
RCX=0x00003b656c62617a is an unknown value
RDX=0x0000000000000000 is an unknown value
RSP=0x0000000008e2efb0 is pointing into the stack for thread: 0x00000000074f3800
RBP=0x00003b656c62617a is an unknown value
RSI=0x0000000008e2f0c8 is pointing into the stack for thread: 0x00000000074f3800
RDI=0x00000000002a82d0 is an unknown value
R8 =0x00000000074f3800 is a thread
R9 =0x0000000000008000 is an unknown value
R10=0x0000000000000000 is an unknown value
R11=0x0000000008e2f25f is pointing into the stack for thread: 0x00000000074f3800
R12=0x0000000000000000 is an unknown value
R13=0x00000000074fd0c8 is an unknown value
R14=0x0000000000000000 is an unknown value
R15=0x0000000000000000 is an unknown value


Stack: [0x0000000008d30000,0x0000000008e30000],  sp=0x0000000008e2efb0,  free space=1019k
Native frames: (J=compiled Java code, j=interpreted, Vv=VM code, C=native code)
V  [jvm.dll+0x119535]
V  [jvm.dll+0x332dbd]
C  [jdwp.dll+0x21a09]
C  [jdwp.dll+0x53b3]
C  [jdwp.dll+0x5571]
C  [jdwp.dll+0xf09c]
C  [jdwp.dll+0x1f2c9]
C  [jdwp.dll+0x1f49e]
V  [jvm.dll+0x1aaa18]
V  [jvm.dll+0x22aac4]
V  [jvm.dll+0x283f5a]
C  [msvcr100.dll+0x21d9f]
C  [msvcr100.dll+0x21e3b]
C  [KERNEL32.DLL+0x16ad]
C  [ntdll.dll+0x734a5]


---------------  P R O C E S S  ---------------

Java Threads: ( => current thread )
  0x0000000009285000 JavaThread "Service Thread" daemon [_thread_blocked, id=5744, stack(0x0000000009730000,0x0000000009830000)]
  0x000000000754e000 JavaThread "C1 CompilerThread2" daemon [_thread_blocked, id=2696, stack(0x0000000009630000,0x0000000009730000)]
  0x000000000751b000 JavaThread "C2 CompilerThread1" daemon [_thread_blocked, id=6200, stack(0x0000000009130000,0x0000000009230000)]
  0x0000000007514800 JavaThread "C2 CompilerThread0" daemon [_thread_blocked, id=5136, stack(0x0000000009030000,0x0000000009130000)]
  0x0000000007508000 JavaThread "JDWP Command Reader" daemon [_thread_in_native, id=5848, stack(0x0000000008f30000,0x0000000009030000)]
  0x0000000007501800 JavaThread "JDWP Event Helper Thread" daemon [_thread_blocked, id=3932, stack(0x0000000008e30000,0x0000000008f30000)]
=>0x00000000074f3800 JavaThread "JDWP Transport Listener: dt_socket" daemon [_thread_in_vm, id=7284, stack(0x0000000008d30000,0x0000000008e30000)]
  0x00000000074eb800 JavaThread "Attach Listener" daemon [_thread_blocked, id=7564, stack(0x0000000008950000,0x0000000008a50000)]
  0x00000000074ea800 JavaThread "Signal Dispatcher" daemon [_thread_blocked, id=5112, stack(0x0000000008850000,0x0000000008950000)]
  0x0000000001da2800 JavaThread "Finalizer" daemon [_thread_blocked, id=8060, stack(0x0000000008740000,0x0000000008840000)]
  0x0000000001d9b800 JavaThread "Reference Handler" daemon [_thread_blocked, id=860, stack(0x0000000008640000,0x0000000008740000)]
  0x00000000002ad800 JavaThread "main" [_thread_in_native, id=6412, stack(0x0000000001b80000,0x0000000001c80000)]

Other Threads:
  0x00000000074b6800 VMThread [stack: 0x0000000008540000,0x0000000008640000] [id=1488]
  0x0000000009286800 WatcherThread [stack: 0x0000000009830000,0x0000000009930000] [id=4384]

VM state:not at safepoint (normal execution)

VM Mutex/Monitor currently owned by a thread: None

Heap:
 PSYoungGen      total 35840K, used 3072K [0x00000000d8400000, 0x00000000dac00000, 0x0000000100000000)
  eden space 30720K, 10% used [0x00000000d8400000,0x00000000d87000f8,0x00000000da200000)
  from space 5120K, 0% used [0x00000000da700000,0x00000000da700000,0x00000000dac00000)
  to   space 5120K, 0% used [0x00000000da200000,0x00000000da200000,0x00000000da700000)
 ParOldGen       total 81920K, used 0K [0x0000000088c00000, 0x000000008dc00000, 0x00000000d8400000)
  object space 81920K, 0% used [0x0000000088c00000,0x0000000088c00000,0x000000008dc00000)
 Metaspace       used 3262K, capacity 4664K, committed 4864K, reserved 1056768K
  class space    used 379K, capacity 424K, committed 512K, reserved 1048576K

Card table byte_map: [0x0000000002180000,0x0000000002540000] byte_map_base: 0x0000000001d3a000

Marking Bits: (ParMarkBitMap*) 0x00000000699ab460
 Begin Bits: [0x0000000002bc0000, 0x0000000004990000)
 End Bits:   [0x0000000004990000, 0x0000000006760000)

Polling page: 0x0000000001b60000

CodeCache: size=245760Kb used=1165Kb max_used=1165Kb free=244594Kb
 bounds [0x000000000f010000, 0x000000000f280000, 0x000000001e010000]
 total_blobs=278 nmethods=51 adapters=149
 compilation: enabled

Compilation events (10 events):
Event: 0.248 Thread 0x000000000754e000   47       3       java.util.HashMap::afterNodeInsertion (1 bytes)
Event: 0.248 Thread 0x000000000754e000 nmethod 47 0x000000000f131190 code [0x000000000f1312e0, 0x000000000f131430]
Event: 0.249 Thread 0x000000000754e000   48       3       java.lang.AbstractStringBuilder::expandCapacity (50 bytes)
Event: 0.250 Thread 0x000000000754e000 nmethod 48 0x000000000f131490 code [0x000000000f131640, 0x000000000f131b98]
Event: 0.252 Thread 0x000000000754e000   49       3       java.lang.String::startsWith (72 bytes)
Event: 0.252 Thread 0x000000000754e000 nmethod 49 0x000000000f131dd0 code [0x000000000f131f40, 0x000000000f132270]
Event: 0.252 Thread 0x000000000754e000   51       3       java.lang.String::startsWith (7 bytes)
Event: 0.253 Thread 0x000000000754e000 nmethod 51 0x000000000f132450 code [0x000000000f1325c0, 0x000000000f1327e8]
Event: 0.253 Thread 0x000000000754e000   50       1       java.util.ArrayList::size (5 bytes)
Event: 0.253 Thread 0x000000000754e000 nmethod 50 0x000000000f132890 code [0x000000000f1329e0, 0x000000000f132af0]

GC Heap History (0 events):
No events

Deoptimization events (0 events):
No events

Internal exceptions (9 events):
Event: 0.036 Thread 0x00000000002ad800 Exception <a 'java/lang/NoSuchMethodError': Method sun.misc.Unsafe.defineClass(Ljava/lang/String;[BII)Ljava/lang/Class; name or signature does not match> (0x00000000d8412138) thrown at [D:\re\workspace\8-2-build-windows-amd64-cygwin\jdk8u20\1074\hotspot\srW°‹2:¢?
Event: 0.036 Thread 0x00000000002ad800 Exception <a 'java/lang/NoSuchMethodError': Method sun.misc.Unsafe.prefetchRead(Ljava/lang/Object;J)V name or signature does not match> (0x00000000d84123c8) thrown at [D:\re\workspace\8-2-build-windows-amd64-cygwin\jdk8u20\1074\hotspot\src\share\vm\prims\j—šè	Æ~É?
Event: 0.199 Thread 0x00000000002ad800 Exception <a 'java/security/PrivilegedActionException'> (0x00000000d845f170) thrown at [D:\re\workspace\8-2-build-windows-amd64-cygwin\jdk8u20\1074\hotspot\src\share\vm\prims\jvm.cpp, line 1275]
Event: 0.239 Thread 0x00000000002ad800 Exception <a 'java/security/PrivilegedActionException'> (0x00000000d8487ac8) thrown at [D:\re\workspace\8-2-build-windows-amd64-cygwin\jdk8u20\1074\hotspot\src\share\vm\prims\jvm.cpp, line 1275]
Event: 0.239 Thread 0x00000000002ad800 Exception <a 'java/security/PrivilegedActionException'> (0x00000000d8487e10) thrown at [D:\re\workspace\8-2-build-windows-amd64-cygwin\jdk8u20\1074\hotspot\src\share\vm\prims\jvm.cpp, line 1275]
Event: 0.240 Thread 0x00000000002ad800 Exception <a 'java/security/PrivilegedActionException'> (0x00000000d848ba98) thrown at [D:\re\workspace\8-2-build-windows-amd64-cygwin\jdk8u20\1074\hotspot\src\share\vm\prims\jvm.cpp, line 1275]
Event: 0.240 Thread 0x00000000002ad800 Exception <a 'java/security/PrivilegedActionException'> (0x00000000d848bde0) thrown at [D:\re\workspace\8-2-build-windows-amd64-cygwin\jdk8u20\1074\hotspot\src\share\vm\prims\jvm.cpp, line 1275]
Event: 0.252 Thread 0x00000000002ad800 Exception <a 'java/security/PrivilegedActionException'> (0x00000000d866eb88) thrown at [D:\re\workspace\8-2-build-windows-amd64-cygwin\jdk8u20\1074\hotspot\src\share\vm\prims\jvm.cpp, line 1275]
Event: 0.252 Thread 0x00000000002ad800 Exception <a 'java/security/PrivilegedActionException'> (0x00000000d866fc78) thrown at [D:\re\workspace\8-2-build-windows-amd64-cygwin\jdk8u20\1074\hotspot\src\share\vm\prims\jvm.cpp, line 1275]

Events (10 events):
Event: 2035.188 Executing VM operation: RedefineClasses
Event: 2035.189 Executing VM operation: RedefineClasses done
Event: 2035.196 Executing VM operation: ChangeBreakpoints
Event: 2035.196 Executing VM operation: ChangeBreakpoints done
Event: 2172.536 Executing VM operation: RedefineClasses
Event: 2172.536 Executing VM operation: RedefineClasses done
Event: 2172.539 Executing VM operation: ChangeBreakpoints
Event: 2172.540 Executing VM operation: ChangeBreakpoints done
Event: 2779.096 Executing VM operation: RedefineClasses
Event: 2779.097 Executing VM operation: RedefineClasses done


Dynamic libraries:
0x00007ff67da00000 - 0x00007ff67da34000 	C:\Program Files\Java\jre1.8.0_20\bin\javaw.exe
0x00007ffa3ecf0000 - 0x00007ffa3ee9a000 	C:\WINDOWS\SYSTEM32\ntdll.dll
0x00007ffa3c570000 - 0x00007ffa3c6aa000 	C:\WINDOWS\system32\KERNEL32.DLL
0x00007ffa3c130000 - 0x00007ffa3c23f000 	C:\WINDOWS\system32\KERNELBASE.dll
0x00007ffa396c0000 - 0x00007ffa39748000 	C:\WINDOWS\system32\apphelp.dll
0x00007ffa2b440000 - 0x00007ffa2b48f000 	C:\WINDOWS\AppPatch\AppPatch64\AcGenral.DLL
0x00007ffa3e520000 - 0x00007ffa3e5c7000 	C:\WINDOWS\system32\msvcrt.dll
0x00007ffa3be80000 - 0x00007ffa3beab000 	C:\WINDOWS\SYSTEM32\SspiCli.dll
0x00007ffa3c890000 - 0x00007ffa3c8e1000 	C:\WINDOWS\system32\SHLWAPI.dll
0x00007ffa3e3a0000 - 0x00007ffa3e511000 	C:\WINDOWS\system32\USER32.dll
0x00007ffa3e850000 - 0x00007ffa3e9c8000 	C:\WINDOWS\system32\ole32.dll
0x00007ffa3c8f0000 - 0x00007ffa3dd10000 	C:\WINDOWS\system32\SHELL32.dll
0x00007ffa3b650000 - 0x00007ffa3b66e000 	C:\WINDOWS\SYSTEM32\USERENV.dll
0x00007ffa3ec40000 - 0x00007ffa3ece5000 	C:\WINDOWS\system32\ADVAPI32.dll
0x00007ffa30680000 - 0x00007ffa3069b000 	C:\WINDOWS\SYSTEM32\MPR.dll
0x00007ffa3e710000 - 0x00007ffa3e847000 	C:\WINDOWS\system32\RPCRT4.dll
0x00007ffa3ddb0000 - 0x00007ffa3de07000 	C:\WINDOWS\SYSTEM32\sechost.dll
0x00007ffa3c6b0000 - 0x00007ffa3c886000 	C:\WINDOWS\SYSTEM32\combase.dll
0x00007ffa3eaf0000 - 0x00007ffa3ec34000 	C:\WINDOWS\system32\GDI32.dll
0x00007ffa3c060000 - 0x00007ffa3c074000 	C:\WINDOWS\SYSTEM32\profapi.dll
0x00007ffa3abf0000 - 0x00007ffa3ac8f000 	C:\WINDOWS\SYSTEM32\SHCORE.dll
0x00007ffa3dfb0000 - 0x00007ffa3dfe4000 	C:\WINDOWS\system32\IMM32.DLL
0x00007ffa3e5d0000 - 0x00007ffa3e709000 	C:\WINDOWS\system32\MSCTF.dll
0x00007ffa3c010000 - 0x00007ffa3c041000 	C:\Windows\system32\nvinitx.dll
0x000000000f000000 - 0x000000000f006000 	C:\Program Files\NVIDIA Corporation\CoProcManager\_etoured.dll
0x00007ffa3aba0000 - 0x00007ffa3abd2000 	C:\Program Files\NVIDIA Corporation\CoProcManager\nvd3d9wrapx.dll
0x00007ffa3dff0000 - 0x00007ffa3e1c4000 	C:\WINDOWS\system32\SETUPAPI.dll
0x00007ffa3c2f0000 - 0x00007ffa3c33a000 	C:\WINDOWS\system32\CFGMGR32.dll
0x00007ffa3a9b0000 - 0x00007ffa3a9d2000 	C:\Program Files\NVIDIA Corporation\CoProcManager\nvdxgiwrapx.dll
0x00007ffa3a0a0000 - 0x00007ffa3a2fa000 	C:\WINDOWS\WinSxS\amd64_microsoft.windows.common-controls_6595b64144ccf1df_6.0.9600.17031_none_6242a4b3ecbb55a1\COMCTL32.dll
0x0000000067e30000 - 0x0000000067f02000 	C:\Program Files\Java\jre1.8.0_20\bin\msvcr100.dll
0x00000000691d0000 - 0x0000000069a28000 	C:\Program Files\Java\jre1.8.0_20\bin\server\jvm.dll
0x00007ffa30d70000 - 0x00007ffa30d79000 	C:\WINDOWS\SYSTEM32\WSOCK32.dll
0x00007ffa3a340000 - 0x00007ffa3a35f000 	C:\WINDOWS\SYSTEM32\WINMM.dll
0x00007ffa3e390000 - 0x00007ffa3e397000 	C:\WINDOWS\system32\PSAPI.DLL
0x00007ffa3e260000 - 0x00007ffa3e2b8000 	C:\WINDOWS\system32\WS2_32.dll
0x00007ffa39eb0000 - 0x00007ffa39eda000 	C:\WINDOWS\SYSTEM32\WINMMBASE.dll
0x00007ffa3e2c0000 - 0x00007ffa3e2c9000 	C:\WINDOWS\system32\NSI.dll
0x00007ffa3aea0000 - 0x00007ffa3aec6000 	C:\WINDOWS\SYSTEM32\DEVOBJ.dll
0x00000000691c0000 - 0x00000000691cf000 	C:\Program Files\Java\jre1.8.0_20\bin\verify.dll
0x0000000069190000 - 0x00000000691b8000 	C:\Program Files\Java\jre1.8.0_20\bin\java.dll
0x0000000067df0000 - 0x0000000067e25000 	C:\Program Files\Java\jre1.8.0_20\bin\jdwp.dll
0x0000000068160000 - 0x0000000068168000 	C:\Program Files\Java\jre1.8.0_20\bin\npt.dll
0x0000000069170000 - 0x0000000069186000 	C:\Program Files\Java\jre1.8.0_20\bin\zip.dll
0x0000000068150000 - 0x0000000068159000 	C:\Program Files\Java\jre1.8.0_20\bin\dt_socket.dll
0x00007ffa30d50000 - 0x00007ffa30d64000 	C:\WINDOWS\system32\napinsp.dll
0x00007ffa30d30000 - 0x00007ffa30d49000 	C:\WINDOWS\system32\pnrpnsp.dll
0x00007ffa39cb0000 - 0x00007ffa39cc9000 	C:\WINDOWS\system32\NLAapi.dll
0x00007ffa3b8e0000 - 0x00007ffa3b938000 	C:\WINDOWS\System32\mswsock.dll
0x00007ffa3b6b0000 - 0x00007ffa3b753000 	C:\WINDOWS\SYSTEM32\DNSAPI.dll
0x00007ffa30d20000 - 0x00007ffa30d2c000 	C:\WINDOWS\System32\winrnr.dll
0x00007ffa30d00000 - 0x00007ffa30d13000 	C:\WINDOWS\system32\wshbth.dll
0x00007ffa35490000 - 0x00007ffa354f8000 	C:\WINDOWS\System32\fwpuclnt.dll
0x00007ffa30cf0000 - 0x00007ffa30cf9000 	C:\Windows\System32\rasadhlp.dll
0x00007ffa23e80000 - 0x00007ffa24008000 	C:\WINDOWS\SYSTEM32\dbghelp.dll

VM Arguments:
jvm_args: -agentlib:jdwp=transport=dt_socket,suspend=y,address=localhost:50692 -Dfile.encoding=Cp1251 
java_command: _4_Collections._12_CardFreq
java_class_path (initial): C:\Users\Kris\workspace\_4_Collections\bin
Launcher Type: SUN_STANDARD

Environment Variables:
PATH=C:/Program Files/Java/jre1.8.0_20/bin/server;C:/Program Files/Java/jre1.8.0_20/bin;C:/Program Files/Java/jre1.8.0_20/lib/amd64;C:\Program Files (x86)\NVIDIA Corporation\PhysX\Common;C:\ProgramData\Oracle\Java\javapath;C:\WINDOWS\system32;C:\WINDOWS;C:\WINDOWS\System32\Wbem;C:\WINDOWS\System32\WindowsPowerShell\v1.0\;C:\Program Files (x86)\Intel\OpenCL SDK\3.0\bin\x86;C:\Program Files (x86)\Intel\OpenCL SDK\3.0\bin\x64;C:\Program Files (x86)\Windows Kits\8.1\Windows Performance Toolkit\;C:\Program Files\Microsoft SQL Server\110\Tools\Binn\;C:\Program Files (x86)\Windows Kits\8.0\Windows Performance Toolkit\;C:\Program Files\Microsoft\Web Platform Installer\;C:\Program Files (x86)\Microsoft SDKs\TypeScript\1.0\;C:\Program Files\TortoiseSVN\bin;C:\Program Files\eclipse;
USERNAME=Kris
OS=Windows_NT
PROCESSOR_IDENTIFIER=Intel64 Family 6 Model 58 Stepping 9, GenuineIntel



---------------  S Y S T E M  ---------------

OS: Windows 8.1 , 64 bit Build 9600 

CPU:total 4 (2 cores per cpu, 2 threads per core) family 6 model 58 stepping 9, cmov, cx8, fxsr, mmx, sse, sse2, sse3, ssse3, sse4.1, sse4.2, popcnt, avx, aes, clmul, erms, ht, tsc, tscinvbit, tscinv

Memory: 4k page, physical 7812584k(3959256k free), swap 9057768k(3170556k free)

vm_info: Java HotSpot(TM) 64-Bit Server VM (25.20-b23) for windows-amd64 JRE (1.8.0_20-b26), built on Jul 30 2014 13:51:23 by "java_re" with MS VC++ 10.0 (VS2010)

time: Sat Sep 20 16:05:45 2014
elapsed time: 2807 seconds (0d 0h 46m 47s)

