#
# A fatal error has been detected by the Java Runtime Environment:
#
#  EXCEPTION_ACCESS_VIOLATION (0xc0000005) at pc=0x00000000692e9535, pid=7216, tid=9168
#
# JRE version: Java(TM) SE Runtime Environment (8.0_20-b26) (build 1.8.0_20-b26)
# Java VM: Java HotSpot(TM) 64-Bit Server VM (25.20-b23 mixed mode windows-amd64 compressed oops)
# Problematic frame:
# V  [jvm.dll+0x119535]
#
# Failed to write core dump. Minidumps are not enabled by default on client versions of Windows
#
# If you would like to submit a bug report, please visit:
#   http://bugreport.sun.com/bugreport/crash.jsp
#

---------------  T H R E A D  ---------------

Current thread (0x0000000008255000):  JavaThread "JDWP Transport Listener: dt_socket" daemon [_thread_in_vm, id=9168, stack(0x0000000009aa0000,0x0000000009ba0000)]

siginfo: ExceptionCode=0xc0000005, reading address 0xffffffffffffffff

Registers:
RAX=0x0000000009b9f901, RBX=0x0000000008255000, RCX=0x003b68003b79003b, RDX=0x0000000000000000
RSP=0x0000000009b9f8d0, RBP=0x003b68003b79003b, RSI=0x0000000009b9f9e8, RDI=0x00000000011382d0
R8 =0x0000000008255000, R9 =0x0000000000008000, R10=0x0000000000000000, R11=0x0000000009b9fb7f
R12=0x0000000000000000, R13=0x000000000825ef38, R14=0x0000000000000000, R15=0x0000000000000000
RIP=0x00000000692e9535, EFLAGS=0x0000000000010202

Top of Stack: (sp=0x0000000009b9f8d0)
0x0000000009b9f8d0:   0000000008255000 0000000008255000
0x0000000009b9f8e0:   0000000009b9f998 00000000694e655b
0x0000000009b9f8f0:   0000000008255000 0000000069502dbd
0x0000000009b9f900:   0000000000000000 0000000067e09149
0x0000000009b9f910:   00000000082766b8 0000000067e12912
0x0000000009b9f920:   0000000008255000 0000000000000000
0x0000000009b9f930:   0000000000000000 0000000000000000
0x0000000009b9f940:   003b68003b79003b 0000000067e11a09
0x0000000009b9f950:   0000000009b9f9e8 0000000009b9f9c0
0x0000000009b9f960:   0000000000000001 00000000082766b8
0x0000000009b9f970:   003b68003b79003b 0000000067df53b3
0x0000000009b9f980:   0000000009b9fab0 0000000000000001
0x0000000009b9f990:   0000000000000001 00000000082766b8
0x0000000009b9f9a0:   0000000000000009 0000000000000000
0x0000000009b9f9b0:   0000000000000000 0000000000000000
0x0000000009b9f9c0:   0000000000000001 0000000067df5571 

Instructions: (pc=0x00000000692e9535)
0x00000000692e9515:   cc cc cc cc cc cc cc cc cc cc cc 48 83 ec 28 48
0x00000000692e9525:   85 c9 75 07 33 c0 48 83 c4 28 c3 48 89 5c 24 20
0x00000000692e9535:   48 8b 19 48 85 db 74 20 48 83 fb 37 74 1a 48 8b
0x00000000692e9545:   13 48 8b cb ff 52 10 84 c0 74 0d 48 8b c3 48 8b 


Register to memory mapping:

RAX=0x0000000009b9f901 is pointing into the stack for thread: 0x0000000008255000
RBX=0x0000000008255000 is a thread
RCX=0x003b68003b79003b is an unknown value
RDX=0x0000000000000000 is an unknown value
RSP=0x0000000009b9f8d0 is pointing into the stack for thread: 0x0000000008255000
RBP=0x003b68003b79003b is an unknown value
RSI=0x0000000009b9f9e8 is pointing into the stack for thread: 0x0000000008255000
RDI=0x00000000011382d0 is an unknown value
R8 =0x0000000008255000 is a thread
R9 =0x0000000000008000 is an unknown value
R10=0x0000000000000000 is an unknown value
R11=0x0000000009b9fb7f is pointing into the stack for thread: 0x0000000008255000
R12=0x0000000000000000 is an unknown value
R13=0x000000000825ef38 is an unknown value
R14=0x0000000000000000 is an unknown value
R15=0x0000000000000000 is an unknown value


Stack: [0x0000000009aa0000,0x0000000009ba0000],  sp=0x0000000009b9f8d0,  free space=1022k
Native frames: (J=compiled Java code, j=interpreted, Vv=VM code, C=native code)
V  [jvm.dll+0x119535]
V  [jvm.dll+0x332dbd]
C  [jdwp.dll+0x21a09]
C  [jdwp.dll+0x53b3]
C  [jdwp.dll+0x5571]
C  [jdwp.dll+0xf09c]
C  [jdwp.dll+0x1f2c9]
C  [jdwp.dll+0x1f49e]
V  [jvm.dll+0x1aaa18]
V  [jvm.dll+0x22aac4]
V  [jvm.dll+0x283f5a]
C  [msvcr100.dll+0x21d9f]
C  [msvcr100.dll+0x21e3b]
C  [KERNEL32.DLL+0x16ad]
C  [ntdll.dll+0x734a5]


---------------  P R O C E S S  ---------------

Java Threads: ( => current thread )
  0x000000000a0f7800 JavaThread "Service Thread" daemon [_thread_blocked, id=4016, stack(0x000000000a4a0000,0x000000000a5a0000)]
  0x0000000008280000 JavaThread "C1 CompilerThread2" daemon [_thread_blocked, id=3380, stack(0x0000000009fa0000,0x000000000a0a0000)]
  0x000000000827b000 JavaThread "C2 CompilerThread1" daemon [_thread_blocked, id=6484, stack(0x0000000009ea0000,0x0000000009fa0000)]
  0x0000000008273800 JavaThread "C2 CompilerThread0" daemon [_thread_blocked, id=7352, stack(0x0000000009da0000,0x0000000009ea0000)]
  0x0000000008267800 JavaThread "JDWP Command Reader" daemon [_thread_in_native, id=8760, stack(0x0000000009ca0000,0x0000000009da0000)]
  0x0000000008263800 JavaThread "JDWP Event Helper Thread" daemon [_thread_blocked, id=7220, stack(0x0000000009ba0000,0x0000000009ca0000)]
=>0x0000000008255000 JavaThread "JDWP Transport Listener: dt_socket" daemon [_thread_in_vm, id=9168, stack(0x0000000009aa0000,0x0000000009ba0000)]
  0x000000000824e000 JavaThread "Attach Listener" daemon [_thread_blocked, id=5472, stack(0x00000000096c0000,0x00000000097c0000)]
  0x000000000824c800 JavaThread "Signal Dispatcher" daemon [_thread_blocked, id=4012, stack(0x00000000095c0000,0x00000000096c0000)]
  0x0000000002b44800 JavaThread "Finalizer" daemon [_thread_blocked, id=6316, stack(0x00000000094c0000,0x00000000095c0000)]
  0x0000000002b3d000 JavaThread "Reference Handler" daemon [_thread_blocked, id=8844, stack(0x00000000093c0000,0x00000000094c0000)]
  0x000000000113d800 JavaThread "main" [_thread_in_native, id=8672, stack(0x0000000002890000,0x0000000002990000)]

Other Threads:
  0x0000000008216800 VMThread [stack: 0x00000000092c0000,0x00000000093c0000] [id=5816]
  0x000000000a101000 WatcherThread [stack: 0x000000000a5a0000,0x000000000a6a0000] [id=8380]

VM state:not at safepoint (normal execution)

VM Mutex/Monitor currently owned by a thread: None

Heap:
 PSYoungGen      total 35840K, used 3072K [0x00000000d8400000, 0x00000000dac00000, 0x0000000100000000)
  eden space 30720K, 10% used [0x00000000d8400000,0x00000000d87000f8,0x00000000da200000)
  from space 5120K, 0% used [0x00000000da700000,0x00000000da700000,0x00000000dac00000)
  to   space 5120K, 0% used [0x00000000da200000,0x00000000da200000,0x00000000da700000)
 ParOldGen       total 81920K, used 0K [0x0000000088c00000, 0x000000008dc00000, 0x00000000d8400000)
  object space 81920K, 0% used [0x0000000088c00000,0x0000000088c00000,0x000000008dc00000)
 Metaspace       used 3211K, capacity 4564K, committed 4864K, reserved 1056768K
  class space    used 373K, capacity 388K, committed 512K, reserved 1048576K

Card table byte_map: [0x0000000002f10000,0x00000000032d0000] byte_map_base: 0x0000000002aca000

Marking Bits: (ParMarkBitMap*) 0x00000000699ab460
 Begin Bits: [0x0000000003950000, 0x0000000005720000)
 End Bits:   [0x0000000005720000, 0x00000000074f0000)

Polling page: 0x00000000010b0000

CodeCache: size=245760Kb used=1164Kb max_used=1164Kb free=244595Kb
 bounds [0x000000000f010000, 0x000000000f280000, 0x000000001e010000]
 total_blobs=277 nmethods=50 adapters=149
 compilation: enabled

Compilation events (10 events):
Event: 0.233 Thread 0x0000000008280000   47       3       java.lang.String::startsWith (72 bytes)
Event: 0.233 Thread 0x0000000008280000 nmethod 47 0x000000000f12f210 code [0x000000000f12f380, 0x000000000f12f6b0]
Event: 0.233 Thread 0x0000000008280000   46       3       java.util.HashMap::putVal (300 bytes)
Event: 0.234 Thread 0x0000000008280000 nmethod 46 0x000000000f12f890 code [0x000000000f12fb00, 0x000000000f130e38]
Event: 0.234 Thread 0x0000000008280000   48       3       java.lang.AbstractStringBuilder::expandCapacity (50 bytes)
Event: 0.235 Thread 0x0000000008280000 nmethod 48 0x000000000f1315d0 code [0x000000000f131780, 0x000000000f131cd8]
Event: 0.238 Thread 0x0000000008280000   50       3       java.lang.String::startsWith (7 bytes)
Event: 0.238 Thread 0x0000000008280000 nmethod 50 0x000000000f131f10 code [0x000000000f132080, 0x000000000f1322a8]
Event: 0.238 Thread 0x0000000008280000   49       1       java.util.ArrayList::size (5 bytes)
Event: 0.238 Thread 0x0000000008280000 nmethod 49 0x000000000f132350 code [0x000000000f1324a0, 0x000000000f1325b0]

GC Heap History (0 events):
No events

Deoptimization events (0 events):
No events

Internal exceptions (9 events):
Event: 0.040 Thread 0x000000000113d800 Exception <a 'java/lang/NoSuchMethodError': Method sun.misc.Unsafe.defineClass(Ljava/lang/String;[BII)Ljava/lang/Class; name or signature does not match> (0x00000000d8412118) thrown at [D:\re\workspace\8-2-build-windows-amd64-cygwin\jdk8u20\1074\hotspot\sr5ð]"¹‚¤?
Event: 0.040 Thread 0x000000000113d800 Exception <a 'java/lang/NoSuchMethodError': Method sun.misc.Unsafe.prefetchRead(Ljava/lang/Object;J)V name or signature does not match> (0x00000000d84123a8) thrown at [D:\re\workspace\8-2-build-windows-amd64-cygwin\jdk8u20\1074\hotspot\src\share\vm\prims\jSõ­_*¯È?
Event: 0.193 Thread 0x000000000113d800 Exception <a 'java/security/PrivilegedActionException'> (0x00000000d845f150) thrown at [D:\re\workspace\8-2-build-windows-amd64-cygwin\jdk8u20\1074\hotspot\src\share\vm\prims\jvm.cpp, line 1275]
Event: 0.223 Thread 0x000000000113d800 Exception <a 'java/security/PrivilegedActionException'> (0x00000000d8488168) thrown at [D:\re\workspace\8-2-build-windows-amd64-cygwin\jdk8u20\1074\hotspot\src\share\vm\prims\jvm.cpp, line 1275]
Event: 0.224 Thread 0x000000000113d800 Exception <a 'java/security/PrivilegedActionException'> (0x00000000d84884b0) thrown at [D:\re\workspace\8-2-build-windows-amd64-cygwin\jdk8u20\1074\hotspot\src\share\vm\prims\jvm.cpp, line 1275]
Event: 0.225 Thread 0x000000000113d800 Exception <a 'java/security/PrivilegedActionException'> (0x00000000d848c138) thrown at [D:\re\workspace\8-2-build-windows-amd64-cygwin\jdk8u20\1074\hotspot\src\share\vm\prims\jvm.cpp, line 1275]
Event: 0.225 Thread 0x000000000113d800 Exception <a 'java/security/PrivilegedActionException'> (0x00000000d848c480) thrown at [D:\re\workspace\8-2-build-windows-amd64-cygwin\jdk8u20\1074\hotspot\src\share\vm\prims\jvm.cpp, line 1275]
Event: 0.237 Thread 0x000000000113d800 Exception <a 'java/security/PrivilegedActionException'> (0x00000000d866f228) thrown at [D:\re\workspace\8-2-build-windows-amd64-cygwin\jdk8u20\1074\hotspot\src\share\vm\prims\jvm.cpp, line 1275]
Event: 0.237 Thread 0x000000000113d800 Exception <a 'java/security/PrivilegedActionException'> (0x00000000d8670318) thrown at [D:\re\workspace\8-2-build-windows-amd64-cygwin\jdk8u20\1074\hotspot\src\share\vm\prims\jvm.cpp, line 1275]

Events (10 events):
Event: 1457.772 Executing VM operation: RedefineClasses
Event: 1457.772 Executing VM operation: RedefineClasses done
Event: 1457.775 Executing VM operation: ChangeBreakpoints
Event: 1457.775 Executing VM operation: ChangeBreakpoints done
Event: 1595.124 Executing VM operation: RedefineClasses
Event: 1595.124 Executing VM operation: RedefineClasses done
Event: 1595.127 Executing VM operation: ChangeBreakpoints
Event: 1595.127 Executing VM operation: ChangeBreakpoints done
Event: 2202.037 Executing VM operation: RedefineClasses
Event: 2202.037 Executing VM operation: RedefineClasses done


Dynamic libraries:
0x00007ff67da00000 - 0x00007ff67da34000 	C:\Program Files\Java\jre1.8.0_20\bin\javaw.exe
0x00007ffa3ecf0000 - 0x00007ffa3ee9a000 	C:\WINDOWS\SYSTEM32\ntdll.dll
0x00007ffa3c570000 - 0x00007ffa3c6aa000 	C:\WINDOWS\system32\KERNEL32.DLL
0x00007ffa3c130000 - 0x00007ffa3c23f000 	C:\WINDOWS\system32\KERNELBASE.dll
0x00007ffa396c0000 - 0x00007ffa39748000 	C:\WINDOWS\system32\apphelp.dll
0x00007ffa2b440000 - 0x00007ffa2b48f000 	C:\WINDOWS\AppPatch\AppPatch64\AcGenral.DLL
0x00007ffa3e520000 - 0x00007ffa3e5c7000 	C:\WINDOWS\system32\msvcrt.dll
0x00007ffa3be80000 - 0x00007ffa3beab000 	C:\WINDOWS\SYSTEM32\SspiCli.dll
0x00007ffa3c890000 - 0x00007ffa3c8e1000 	C:\WINDOWS\system32\SHLWAPI.dll
0x00007ffa3e3a0000 - 0x00007ffa3e511000 	C:\WINDOWS\system32\USER32.dll
0x00007ffa3e850000 - 0x00007ffa3e9c8000 	C:\WINDOWS\system32\ole32.dll
0x00007ffa3c8f0000 - 0x00007ffa3dd10000 	C:\WINDOWS\system32\SHELL32.dll
0x00007ffa3b650000 - 0x00007ffa3b66e000 	C:\WINDOWS\SYSTEM32\USERENV.dll
0x00007ffa3ec40000 - 0x00007ffa3ece5000 	C:\WINDOWS\system32\ADVAPI32.dll
0x00007ffa30680000 - 0x00007ffa3069b000 	C:\WINDOWS\SYSTEM32\MPR.dll
0x00007ffa3e710000 - 0x00007ffa3e847000 	C:\WINDOWS\system32\RPCRT4.dll
0x00007ffa3ddb0000 - 0x00007ffa3de07000 	C:\WINDOWS\SYSTEM32\sechost.dll
0x00007ffa3c6b0000 - 0x00007ffa3c886000 	C:\WINDOWS\SYSTEM32\combase.dll
0x00007ffa3eaf0000 - 0x00007ffa3ec34000 	C:\WINDOWS\system32\GDI32.dll
0x00007ffa3c060000 - 0x00007ffa3c074000 	C:\WINDOWS\SYSTEM32\profapi.dll
0x00007ffa3abf0000 - 0x00007ffa3ac8f000 	C:\WINDOWS\SYSTEM32\SHCORE.dll
0x00007ffa3dfb0000 - 0x00007ffa3dfe4000 	C:\WINDOWS\system32\IMM32.DLL
0x00007ffa3e5d0000 - 0x00007ffa3e709000 	C:\WINDOWS\system32\MSCTF.dll
0x00007ffa3c010000 - 0x00007ffa3c041000 	C:\Windows\system32\nvinitx.dll
0x000000000f000000 - 0x000000000f006000 	C:\Program Files\NVIDIA Corporation\CoProcManager\_etoured.dll
0x00007ffa3aba0000 - 0x00007ffa3abd2000 	C:\Program Files\NVIDIA Corporation\CoProcManager\nvd3d9wrapx.dll
0x00007ffa3dff0000 - 0x00007ffa3e1c4000 	C:\WINDOWS\system32\SETUPAPI.dll
0x00007ffa3c2f0000 - 0x00007ffa3c33a000 	C:\WINDOWS\system32\CFGMGR32.dll
0x00007ffa3a9b0000 - 0x00007ffa3a9d2000 	C:\Program Files\NVIDIA Corporation\CoProcManager\nvdxgiwrapx.dll
0x00007ffa3a0a0000 - 0x00007ffa3a2fa000 	C:\WINDOWS\WinSxS\amd64_microsoft.windows.common-controls_6595b64144ccf1df_6.0.9600.17031_none_6242a4b3ecbb55a1\COMCTL32.dll
0x0000000067e30000 - 0x0000000067f02000 	C:\Program Files\Java\jre1.8.0_20\bin\msvcr100.dll
0x00000000691d0000 - 0x0000000069a28000 	C:\Program Files\Java\jre1.8.0_20\bin\server\jvm.dll
0x00007ffa30d70000 - 0x00007ffa30d79000 	C:\WINDOWS\SYSTEM32\WSOCK32.dll
0x00007ffa3a340000 - 0x00007ffa3a35f000 	C:\WINDOWS\SYSTEM32\WINMM.dll
0x00007ffa3e390000 - 0x00007ffa3e397000 	C:\WINDOWS\system32\PSAPI.DLL
0x00007ffa3e260000 - 0x00007ffa3e2b8000 	C:\WINDOWS\system32\WS2_32.dll
0x00007ffa39eb0000 - 0x00007ffa39eda000 	C:\WINDOWS\SYSTEM32\WINMMBASE.dll
0x00007ffa3e2c0000 - 0x00007ffa3e2c9000 	C:\WINDOWS\system32\NSI.dll
0x00007ffa3aea0000 - 0x00007ffa3aec6000 	C:\WINDOWS\SYSTEM32\DEVOBJ.dll
0x00000000691c0000 - 0x00000000691cf000 	C:\Program Files\Java\jre1.8.0_20\bin\verify.dll
0x0000000069190000 - 0x00000000691b8000 	C:\Program Files\Java\jre1.8.0_20\bin\java.dll
0x0000000067df0000 - 0x0000000067e25000 	C:\Program Files\Java\jre1.8.0_20\bin\jdwp.dll
0x0000000068160000 - 0x0000000068168000 	C:\Program Files\Java\jre1.8.0_20\bin\npt.dll
0x0000000069170000 - 0x0000000069186000 	C:\Program Files\Java\jre1.8.0_20\bin\zip.dll
0x0000000068150000 - 0x0000000068159000 	C:\Program Files\Java\jre1.8.0_20\bin\dt_socket.dll
0x00007ffa30d50000 - 0x00007ffa30d64000 	C:\WINDOWS\system32\napinsp.dll
0x00007ffa30d30000 - 0x00007ffa30d49000 	C:\WINDOWS\system32\pnrpnsp.dll
0x00007ffa39cb0000 - 0x00007ffa39cc9000 	C:\WINDOWS\system32\NLAapi.dll
0x00007ffa3b8e0000 - 0x00007ffa3b938000 	C:\WINDOWS\System32\mswsock.dll
0x00007ffa3b6b0000 - 0x00007ffa3b753000 	C:\WINDOWS\SYSTEM32\DNSAPI.dll
0x00007ffa30d20000 - 0x00007ffa30d2c000 	C:\WINDOWS\System32\winrnr.dll
0x00007ffa30d00000 - 0x00007ffa30d13000 	C:\WINDOWS\system32\wshbth.dll
0x00007ffa35490000 - 0x00007ffa354f8000 	C:\WINDOWS\System32\fwpuclnt.dll
0x00007ffa30cf0000 - 0x00007ffa30cf9000 	C:\Windows\System32\rasadhlp.dll
0x00007ffa23e80000 - 0x00007ffa24008000 	C:\WINDOWS\SYSTEM32\dbghelp.dll

VM Arguments:
jvm_args: -agentlib:jdwp=transport=dt_socket,suspend=y,address=localhost:50878 -Dfile.encoding=Cp1251 
java_command: _4_Collections._12_CardFreq
java_class_path (initial): C:\Users\Kris\workspace\_4_Collections\bin
Launcher Type: SUN_STANDARD

Environment Variables:
PATH=C:/Program Files/Java/jre1.8.0_20/bin/server;C:/Program Files/Java/jre1.8.0_20/bin;C:/Program Files/Java/jre1.8.0_20/lib/amd64;C:\Program Files (x86)\NVIDIA Corporation\PhysX\Common;C:\ProgramData\Oracle\Java\javapath;C:\WINDOWS\system32;C:\WINDOWS;C:\WINDOWS\System32\Wbem;C:\WINDOWS\System32\WindowsPowerShell\v1.0\;C:\Program Files (x86)\Intel\OpenCL SDK\3.0\bin\x86;C:\Program Files (x86)\Intel\OpenCL SDK\3.0\bin\x64;C:\Program Files (x86)\Windows Kits\8.1\Windows Performance Toolkit\;C:\Program Files\Microsoft SQL Server\110\Tools\Binn\;C:\Program Files (x86)\Windows Kits\8.0\Windows Performance Toolkit\;C:\Program Files\Microsoft\Web Platform Installer\;C:\Program Files (x86)\Microsoft SDKs\TypeScript\1.0\;C:\Program Files\TortoiseSVN\bin;C:\Program Files\eclipse;
USERNAME=Kris
OS=Windows_NT
PROCESSOR_IDENTIFIER=Intel64 Family 6 Model 58 Stepping 9, GenuineIntel



---------------  S Y S T E M  ---------------

OS: Windows 8.1 , 64 bit Build 9600 

CPU:total 4 (2 cores per cpu, 2 threads per core) family 6 model 58 stepping 9, cmov, cx8, fxsr, mmx, sse, sse2, sse3, ssse3, sse4.1, sse4.2, popcnt, avx, aes, clmul, erms, ht, tsc, tscinvbit, tscinv

Memory: 4k page, physical 7812584k(3948288k free), swap 10035896k(3927640k free)

vm_info: Java HotSpot(TM) 64-Bit Server VM (25.20-b23) for windows-amd64 JRE (1.8.0_20-b26), built on Jul 30 2014 13:51:23 by "java_re" with MS VC++ 10.0 (VS2010)

time: Sat Sep 20 16:05:17 2014
elapsed time: 2202 seconds (0d 0h 36m 42s)

